<?xml version="1.0" encoding="UTF-8"?>
<testng-results ignored="0" total="6" passed="6" failed="0" skipped="0">
  <reporter-output>
  </reporter-output>
  <suite started-at="2025-01-23T08:59:05 IST" name="Default suite" finished-at="2025-01-23T08:59:19 IST" duration-ms="13882">
    <groups>
      <group name="cucumber">
        <method signature="AbstractTestNGCucumberTests.runScenario(io.cucumber.testng.PickleWrapper,io.cucumber.testng.FeatureWrapper)[pri:0, instance:Runner.RunnerTest@3c19aaa5]" name="runScenario" class="io.cucumber.testng.AbstractTestNGCucumberTests"/>
      </group> <!-- cucumber -->
    </groups>
    <test started-at="2025-01-23T08:59:05 IST" name="Default test" finished-at="2025-01-23T08:59:19 IST" duration-ms="13882">
      <class name="Runner.RunnerTest">
        <test-method is-config="true" signature="setUpClass(org.testng.ITestContext)[pri:0, instance:Runner.RunnerTest@3c19aaa5]" started-at="2025-01-23T08:59:06 IST" name="setUpClass" finished-at="2025-01-23T08:59:06 IST" duration-ms="234" status="PASS">
          <params>
            <param index="0">
              <value>
                <![CDATA[org.testng.TestRunner@67dba613]]>
              </value>
            </param>
          </params>
          <reporter-output>
          </reporter-output>
        </test-method> <!-- setUpClass -->
        <test-method signature="runScenario(io.cucumber.testng.PickleWrapper,io.cucumber.testng.FeatureWrapper)[pri:0, instance:Runner.RunnerTest@3c19aaa5]" started-at="2025-01-23T08:59:06 IST" name="runScenario" description="Runs Cucumber Scenarios" data-provider="scenarios" finished-at="2025-01-23T08:59:12 IST" duration-ms="6607" status="PASS">
          <params>
            <param index="0">
              <value>
                <![CDATA["validate login functionality"]]>
              </value>
            </param>
            <param index="1">
              <value>
                <![CDATA["Test Cogmento CRM"]]>
              </value>
            </param>
          </params>
          <reporter-output>
          </reporter-output>
        </test-method> <!-- runScenario -->
        <test-method signature="runScenario(io.cucumber.testng.PickleWrapper,io.cucumber.testng.FeatureWrapper)[pri:0, instance:Runner.RunnerTest@3c19aaa5]" started-at="2025-01-23T08:59:12 IST" name="runScenario" description="Runs Cucumber Scenarios" data-provider="scenarios" finished-at="2025-01-23T08:59:14 IST" duration-ms="2124" status="PASS">
          <params>
            <param index="0">
              <value>
                <![CDATA["validate home page functionality"]]>
              </value>
            </param>
            <param index="1">
              <value>
                <![CDATA["Test Cogmento CRM"]]>
              </value>
            </param>
          </params>
          <reporter-output>
          </reporter-output>
        </test-method> <!-- runScenario -->
        <test-method signature="runScenario(io.cucumber.testng.PickleWrapper,io.cucumber.testng.FeatureWrapper)[pri:0, instance:Runner.RunnerTest@3c19aaa5]" started-at="2025-01-23T08:59:15 IST" name="runScenario" description="Runs Cucumber Scenarios" data-provider="scenarios" finished-at="2025-01-23T08:59:15 IST" duration-ms="29" status="PASS">
          <params>
            <param index="0">
              <value>
                <![CDATA["validate home page tite functionality"]]>
              </value>
            </param>
            <param index="1">
              <value>
                <![CDATA["Test Cogmento CRM"]]>
              </value>
            </param>
          </params>
          <reporter-output>
          </reporter-output>
        </test-method> <!-- runScenario -->
        <test-method signature="runScenario(io.cucumber.testng.PickleWrapper,io.cucumber.testng.FeatureWrapper)[pri:0, instance:Runner.RunnerTest@3c19aaa5]" started-at="2025-01-23T08:59:15 IST" name="runScenario" description="Runs Cucumber Scenarios" data-provider="scenarios" finished-at="2025-01-23T08:59:15 IST" duration-ms="16" status="PASS">
          <params>
            <param index="0">
              <value>
                <![CDATA["validate home page url functionality"]]>
              </value>
            </param>
            <param index="1">
              <value>
                <![CDATA["Test Cogmento CRM"]]>
              </value>
            </param>
          </params>
          <reporter-output>
          </reporter-output>
        </test-method> <!-- runScenario -->
        <test-method signature="runScenario(io.cucumber.testng.PickleWrapper,io.cucumber.testng.FeatureWrapper)[pri:0, instance:Runner.RunnerTest@3c19aaa5]" started-at="2025-01-23T08:59:15 IST" name="runScenario" description="Runs Cucumber Scenarios" data-provider="scenarios" finished-at="2025-01-23T08:59:15 IST" duration-ms="196" status="PASS">
          <params>
            <param index="0">
              <value>
                <![CDATA["validate contact page page url functionality"]]>
              </value>
            </param>
            <param index="1">
              <value>
                <![CDATA["Test Cogmento CRM"]]>
              </value>
            </param>
          </params>
          <reporter-output>
          </reporter-output>
        </test-method> <!-- runScenario -->
        <test-method signature="runScenario(io.cucumber.testng.PickleWrapper,io.cucumber.testng.FeatureWrapper)[pri:0, instance:Runner.RunnerTest@3c19aaa5]" started-at="2025-01-23T08:59:15 IST" name="runScenario" description="Runs Cucumber Scenarios" data-provider="scenarios" finished-at="2025-01-23T08:59:15 IST" duration-ms="209" status="PASS">
          <params>
            <param index="0">
              <value>
                <![CDATA["validate contact create page page url functionality"]]>
              </value>
            </param>
            <param index="1">
              <value>
                <![CDATA["Test Cogmento CRM"]]>
              </value>
            </param>
          </params>
          <reporter-output>
          </reporter-output>
        </test-method> <!-- runScenario -->
        <test-method is-config="true" signature="tearDownClass()[pri:0, instance:Runner.RunnerTest@3c19aaa5]" started-at="2025-01-23T08:59:15 IST" name="tearDownClass" finished-at="2025-01-23T08:59:19 IST" duration-ms="4360" status="PASS">
          <reporter-output>
          </reporter-output>
        </test-method> <!-- tearDownClass -->
      </class> <!-- Runner.RunnerTest -->
    </test> <!-- Default test -->
  </suite> <!-- Default suite -->
</testng-results>
